###############################################################
#  Generated by:      Cadence Innovus 17.11-s080_1
#  OS:                Linux x86_64(Host ID ce-epo3-cad.ewi.tudelft.nl)
#  Generated on:      Thu Dec  8 16:09:49 2022
#  Design:            spc_clockgen
#  Command:           verifyConnectivity
###############################################################
Verify Connectivity Report is created on Thu Dec  8 16:09:49 2022



Net dvdd: dangling Wire at (0.000, 250.880) (0.000, 250.880) on layer: METAL1
Net dvdd: dangling Wire at (0.000, 258.720) (0.000, 258.720) on layer: METAL1
Net dvdd: dangling Wire at (0.000, 266.560) (0.000, 266.560) on layer: METAL1
Net dvdd: dangling Wire at (0.000, 274.400) (0.000, 274.400) on layer: METAL1
Net dvdd: dangling Wire at (0.000, 282.240) (0.000, 282.240) on layer: METAL1
Net dvdd: dangling Wire at (0.000, 290.080) (0.000, 290.080) on layer: METAL1
Net dvdd: dangling Wire at (0.000, 297.920) (0.000, 297.920) on layer: METAL1
Net dvdd: dangling Wire at (0.000, 305.760) (0.000, 305.760) on layer: METAL1
Net dvdd: dangling Wire at (0.000, 313.600) (0.000, 313.600) on layer: METAL1
Net dvdd: dangling Wire at (0.000, 321.440) (0.000, 321.440) on layer: METAL1
Net dvdd: dangling Wire at (0.000, 164.640) (0.000, 164.640) on layer: METAL1
Net dvdd: dangling Wire at (0.000, 172.480) (0.000, 172.480) on layer: METAL1
Net dvdd: dangling Wire at (0.000, 180.320) (0.000, 180.320) on layer: METAL1
Net dvdd: dangling Wire at (0.000, 188.160) (0.000, 188.160) on layer: METAL1
Net dvdd: dangling Wire at (0.000, 196.000) (0.000, 196.000) on layer: METAL1
Net dvdd: dangling Wire at (0.000, 203.840) (0.000, 203.840) on layer: METAL1
Net dvdd: dangling Wire at (0.000, 211.680) (0.000, 211.680) on layer: METAL1
Net dvdd: dangling Wire at (0.000, 219.520) (0.000, 219.520) on layer: METAL1
Net dvdd: dangling Wire at (0.000, 227.360) (0.000, 227.360) on layer: METAL1
Net dvdd: dangling Wire at (0.000, 235.200) (0.000, 235.200) on layer: METAL1
Net dvdd: dangling Wire at (0.000, 243.040) (0.000, 243.040) on layer: METAL1
Net dvdd: dangling Wire at (0.000, 86.240) (0.000, 86.240) on layer: METAL1
Net dvdd: dangling Wire at (0.000, 94.080) (0.000, 94.080) on layer: METAL1
Net dvdd: dangling Wire at (0.000, 101.920) (0.000, 101.920) on layer: METAL1
Net dvdd: dangling Wire at (0.000, 109.760) (0.000, 109.760) on layer: METAL1
Net dvdd: dangling Wire at (0.000, 117.600) (0.000, 117.600) on layer: METAL1
Net dvdd: dangling Wire at (0.000, 125.440) (0.000, 125.440) on layer: METAL1
Net dvdd: dangling Wire at (0.000, 133.280) (0.000, 133.280) on layer: METAL1
Net dvdd: dangling Wire at (0.000, 141.120) (0.000, 141.120) on layer: METAL1
Net dvdd: dangling Wire at (0.000, 148.960) (0.000, 148.960) on layer: METAL1
Net dvdd: dangling Wire at (0.000, 156.800) (0.000, 156.800) on layer: METAL1
Net dvdd: dangling Wire at (0.000, 7.840) (0.000, 7.840) on layer: METAL1
Net dvdd: dangling Wire at (0.000, 0.000) (0.000, 0.000) on layer: METAL1
Net dvdd: dangling Wire at (0.000, 15.680) (0.000, 15.680) on layer: METAL1
Net dvdd: dangling Wire at (0.000, 23.520) (0.000, 23.520) on layer: METAL1
Net dvdd: dangling Wire at (0.000, 31.360) (0.000, 31.360) on layer: METAL1
Net dvdd: dangling Wire at (0.000, 39.200) (0.000, 39.200) on layer: METAL1
Net dvdd: dangling Wire at (0.000, 47.040) (0.000, 47.040) on layer: METAL1
Net dvdd: dangling Wire at (0.000, 54.880) (0.000, 54.880) on layer: METAL1
Net dvdd: dangling Wire at (0.000, 62.720) (0.000, 62.720) on layer: METAL1
Net dvdd: dangling Wire at (0.000, 70.560) (0.000, 70.560) on layer: METAL1
Net dvdd: dangling Wire at (0.000, 78.400) (0.000, 78.400) on layer: METAL1
Net dgnd: dangling Wire at (324.800, 317.520) (324.800, 317.520) on layer: METAL1
Net dgnd: dangling Wire at (324.800, 309.680) (324.800, 309.680) on layer: METAL1
Net dgnd: dangling Wire at (324.800, 301.840) (324.800, 301.840) on layer: METAL1
Net dgnd: dangling Wire at (324.800, 294.000) (324.800, 294.000) on layer: METAL1
Net dgnd: dangling Wire at (324.800, 286.160) (324.800, 286.160) on layer: METAL1
Net dgnd: dangling Wire at (324.800, 278.320) (324.800, 278.320) on layer: METAL1
Net dgnd: dangling Wire at (324.800, 270.480) (324.800, 270.480) on layer: METAL1
Net dgnd: dangling Wire at (324.800, 262.640) (324.800, 262.640) on layer: METAL1
Net dgnd: dangling Wire at (324.800, 254.800) (324.800, 254.800) on layer: METAL1
Net dgnd: dangling Wire at (324.800, 246.960) (324.800, 246.960) on layer: METAL1
Net dgnd: dangling Wire at (324.800, 239.120) (324.800, 239.120) on layer: METAL1
Net dgnd: dangling Wire at (324.800, 168.560) (324.800, 168.560) on layer: METAL1
Net dgnd: dangling Wire at (324.800, 176.400) (324.800, 176.400) on layer: METAL1
Net dgnd: dangling Wire at (324.800, 184.240) (324.800, 184.240) on layer: METAL1
Net dgnd: dangling Wire at (324.800, 192.080) (324.800, 192.080) on layer: METAL1
Net dgnd: dangling Wire at (324.800, 199.920) (324.800, 199.920) on layer: METAL1
Net dgnd: dangling Wire at (324.800, 207.760) (324.800, 207.760) on layer: METAL1
Net dgnd: dangling Wire at (324.800, 215.600) (324.800, 215.600) on layer: METAL1
Net dgnd: dangling Wire at (324.800, 223.440) (324.800, 223.440) on layer: METAL1
Net dgnd: dangling Wire at (324.800, 231.280) (324.800, 231.280) on layer: METAL1
Net dgnd: dangling Wire at (324.800, 160.720) (324.800, 160.720) on layer: METAL1
Net dgnd: dangling Wire at (324.800, 152.880) (324.800, 152.880) on layer: METAL1
Net dgnd: dangling Wire at (324.800, 145.040) (324.800, 145.040) on layer: METAL1
Net dgnd: dangling Wire at (324.800, 137.200) (324.800, 137.200) on layer: METAL1
Net dgnd: dangling Wire at (324.800, 129.360) (324.800, 129.360) on layer: METAL1
Net dgnd: dangling Wire at (324.800, 121.520) (324.800, 121.520) on layer: METAL1
Net dgnd: dangling Wire at (324.800, 113.680) (324.800, 113.680) on layer: METAL1
Net dgnd: dangling Wire at (324.800, 105.840) (324.800, 105.840) on layer: METAL1
Net dgnd: dangling Wire at (324.800, 98.000) (324.800, 98.000) on layer: METAL1
Net dgnd: dangling Wire at (324.800, 90.160) (324.800, 90.160) on layer: METAL1
Net dgnd: dangling Wire at (324.800, 82.320) (324.800, 82.320) on layer: METAL1
Net dgnd: dangling Wire at (324.800, 74.480) (324.800, 74.480) on layer: METAL1
Net dgnd: dangling Wire at (324.800, 3.920) (324.800, 3.920) on layer: METAL1
Net dgnd: dangling Wire at (324.800, 11.760) (324.800, 11.760) on layer: METAL1
Net dgnd: dangling Wire at (324.800, 19.600) (324.800, 19.600) on layer: METAL1
Net dgnd: dangling Wire at (324.800, 27.440) (324.800, 27.440) on layer: METAL1
Net dgnd: dangling Wire at (324.800, 35.280) (324.800, 35.280) on layer: METAL1
Net dgnd: dangling Wire at (324.800, 43.120) (324.800, 43.120) on layer: METAL1
Net dgnd: dangling Wire at (324.800, 50.960) (324.800, 50.960) on layer: METAL1
Net dgnd: dangling Wire at (324.800, 58.800) (324.800, 58.800) on layer: METAL1
Net dgnd: dangling Wire at (324.800, 66.640) (324.800, 66.640) on layer: METAL1

Begin Summary
    83 Problem(s) (IMPVFC-94): The net has dangling wire(s).
    83 total info(s) created.
End Summary
